<?xml version="1.0" encoding="UTF-8"?>
<!-- Generated by org.testng.reporters.JUnitXMLReporter -->
<testsuite hostname="Biplab" ignored="0" name="test2" tests="4" failures="2" timestamp="04 Apr 2020 02:42:14 GMT" time="53.039" errors="0">
  <testcase name="test11" time="46.313" classname="TestNgDemo.TestNgDemo.TestNgTest2"/>
  <testcase name="test11" time="52.833" classname="TestNgDemo.TestNgDemo.TestNgTest2">
    <failure type="java.lang.NullPointerException">
      <![CDATA[java.lang.NullPointerException
at com.listeners.ListenersTestDemo.onTestSuccess(ListenersTestDemo.java:25)
at java.util.concurrent.ThreadPoolExecutor.runWorker(Unknown Source)
at java.util.concurrent.ThreadPoolExecutor$Worker.run(Unknown Source)
at java.lang.Thread.run(Unknown Source)
... Removed 7 stack frames]]>
    </failure>
  </testcase> <!-- test11 -->
  <testcase name="test12" time="46.47" classname="TestNgDemo.TestNgDemo.TestNgTest2"/>
  <testcase name="test12" time="52.992" classname="TestNgDemo.TestNgDemo.TestNgTest2">
    <failure type="java.lang.NullPointerException">
      <![CDATA[java.lang.NullPointerException
at com.listeners.ListenersTestDemo.onTestSuccess(ListenersTestDemo.java:25)
at java.util.concurrent.ThreadPoolExecutor.runWorker(Unknown Source)
at java.util.concurrent.ThreadPoolExecutor$Worker.run(Unknown Source)
at java.lang.Thread.run(Unknown Source)
... Removed 7 stack frames]]>
    </failure>
  </testcase> <!-- test12 -->
</testsuite> <!-- test2 -->
