<?xml version="1.0" encoding="UTF-8"?>
<testng-results skipped="0" failed="0" ignored="0" total="1" passed="1">
  <reporter-output>
  </reporter-output>
  <suite name="Default suite" duration-ms="15893" started-at="2020-04-20T02:57:15Z" finished-at="2020-04-20T02:57:31Z">
    <groups>
    </groups>
    <test name="Default test" duration-ms="15893" started-at="2020-04-20T02:57:15Z" finished-at="2020-04-20T02:57:31Z">
      <class name="seleniumTests.Tooltip">
        <test-method status="PASS" signature="toolTip()[pri:0, instance:seleniumTests.Tooltip@28d25987]" name="toolTip" duration-ms="15818" started-at="2020-04-20T02:57:15Z" finished-at="2020-04-20T02:57:31Z">
          <reporter-output>
          </reporter-output>
        </test-method> <!-- toolTip -->
      </class> <!-- seleniumTests.Tooltip -->
    </test> <!-- Default test -->
  </suite> <!-- Default suite -->
</testng-results>
